<?xml version="1.0" encoding="UTF-8"?>
<!-- Generated by org.testng.reporters.JUnitXMLReporter -->
<testsuite hostname="DESKTOP-9BUKM7O" ignored="0" name="Test" tests="5" failures="0" timestamp="2020-04-11T10:38:47 IST" time="0.076" errors="0">
  <testcase name="iosApp" time="0.012" classname="qaclickacademy.AppiumTest"/>
  <testcase name="nativeAppsAndroid" time="0.001" classname="qaclickacademy.AppiumTest"/>
  <testcase name="browserAutomationSelenium" time="0.002" classname="qaclickacademy.SeleniumTest"/>
  <testcase name="deleteTwitter" time="0.001" classname="qaclickacademy.RestAPITest"/>
  <testcase name="postJira" time="0.001" classname="qaclickacademy.RestAPITest"/>
</testsuite> <!-- Test -->
