<?xml version="1.0" encoding="UTF-8"?>
<!-- Generated by org.testng.reporters.JUnitXMLReporter -->
<testsuite hostname="DESKTOP-9BUKM7O" ignored="0" name="Test" tests="6" failures="0" timestamp="2020-06-18T17:30:04 IST" time="0.109" errors="0">
  <testcase name="browserAutomationSelenium" time="0.007" classname="qaclickacademy.SeleniumTest"/>
  <testcase name="elementsUI" time="0.0" classname="qaclickacademy.SeleniumTest"/>
  <testcase name="deleteTwitter" time="0.0" classname="qaclickacademy.RestAPITest"/>
  <testcase name="postJira" time="0.001" classname="qaclickacademy.RestAPITest"/>
  <testcase name="iosApp" time="0.0" classname="qaclickacademy.AppiumTest"/>
  <testcase name="nativeAppsAndroid" time="0.0" classname="qaclickacademy.AppiumTest"/>
</testsuite> <!-- Test -->
