<?xml version="1.0" encoding="UTF-8"?>
<testng-results skipped="0" failed="0" ignored="0" total="6" passed="6">
  <reporter-output>
  </reporter-output>
  <suite name="Command line suite" duration-ms="84" started-at="2020-06-18T17:30:47 IST" finished-at="2020-06-18T17:30:47 IST">
    <groups>
    </groups>
    <test name="Command line test" duration-ms="84" started-at="2020-06-18T17:30:47 IST" finished-at="2020-06-18T17:30:47 IST">
      <class name="qaclickacademy.AppiumTest">
        <test-method status="PASS" signature="iosApp()[pri:0, instance:qaclickacademy.AppiumTest@5702b3b1]" name="iosApp" duration-ms="6" started-at="2020-06-18T17:30:47 IST" finished-at="2020-06-18T17:30:47 IST">
          <reporter-output>
          </reporter-output>
        </test-method> <!-- iosApp -->
        <test-method status="PASS" signature="nativeAppsAndroid()[pri:0, instance:qaclickacademy.AppiumTest@5702b3b1]" name="nativeAppsAndroid" duration-ms="0" started-at="2020-06-18T17:30:47 IST" finished-at="2020-06-18T17:30:47 IST">
          <reporter-output>
          </reporter-output>
        </test-method> <!-- nativeAppsAndroid -->
      </class> <!-- qaclickacademy.AppiumTest -->
      <class name="qaclickacademy.RestAPITest">
        <test-method status="PASS" signature="deleteTwitter()[pri:0, instance:qaclickacademy.RestAPITest@69ea3742]" name="deleteTwitter" duration-ms="0" started-at="2020-06-18T17:30:47 IST" finished-at="2020-06-18T17:30:47 IST">
          <reporter-output>
          </reporter-output>
        </test-method> <!-- deleteTwitter -->
        <test-method status="PASS" signature="postJira()[pri:0, instance:qaclickacademy.RestAPITest@69ea3742]" name="postJira" duration-ms="0" started-at="2020-06-18T17:30:47 IST" finished-at="2020-06-18T17:30:47 IST">
          <reporter-output>
          </reporter-output>
        </test-method> <!-- postJira -->
      </class> <!-- qaclickacademy.RestAPITest -->
      <class name="qaclickacademy.SeleniumTest">
        <test-method status="PASS" signature="browserAutomationSelenium()[pri:0, instance:qaclickacademy.SeleniumTest@4b952a2d]" name="browserAutomationSelenium" duration-ms="1" started-at="2020-06-18T17:30:47 IST" finished-at="2020-06-18T17:30:47 IST">
          <reporter-output>
          </reporter-output>
        </test-method> <!-- browserAutomationSelenium -->
        <test-method status="PASS" signature="elementsUI()[pri:0, instance:qaclickacademy.SeleniumTest@4b952a2d]" name="elementsUI" duration-ms="0" started-at="2020-06-18T17:30:47 IST" finished-at="2020-06-18T17:30:47 IST">
          <reporter-output>
          </reporter-output>
        </test-method> <!-- elementsUI -->
      </class> <!-- qaclickacademy.SeleniumTest -->
    </test> <!-- Command line test -->
  </suite> <!-- Command line suite -->
</testng-results>
