<?xml version="1.0" encoding="UTF-8"?>
<testng-results skipped="0" failed="0" ignored="0" total="5" passed="5">
  <reporter-output>
  </reporter-output>
  <suite name="Suite" duration-ms="76" started-at="2020-04-11T10:38:46 IST" finished-at="2020-04-11T10:38:47 IST">
    <groups>
    </groups>
    <test name="Test" duration-ms="76" started-at="2020-04-11T10:38:46 IST" finished-at="2020-04-11T10:38:47 IST">
      <class name="qaclickacademy.AppiumTest">
        <test-method status="PASS" signature="iosApp()[pri:0, instance:qaclickacademy.AppiumTest@1b68ddbd]" name="iosApp" duration-ms="12" started-at="2020-04-11T10:38:47 IST" finished-at="2020-04-11T10:38:47 IST">
          <reporter-output>
          </reporter-output>
        </test-method> <!-- iosApp -->
        <test-method status="PASS" signature="nativeAppsAndroid()[pri:0, instance:qaclickacademy.AppiumTest@1b68ddbd]" name="nativeAppsAndroid" duration-ms="1" started-at="2020-04-11T10:38:47 IST" finished-at="2020-04-11T10:38:47 IST">
          <reporter-output>
          </reporter-output>
        </test-method> <!-- nativeAppsAndroid -->
      </class> <!-- qaclickacademy.AppiumTest -->
      <class name="qaclickacademy.RestAPITest">
        <test-method status="PASS" signature="deleteTwitter()[pri:0, instance:qaclickacademy.RestAPITest@59e5ddf]" name="deleteTwitter" duration-ms="1" started-at="2020-04-11T10:38:47 IST" finished-at="2020-04-11T10:38:47 IST">
          <reporter-output>
          </reporter-output>
        </test-method> <!-- deleteTwitter -->
        <test-method status="PASS" signature="postJira()[pri:0, instance:qaclickacademy.RestAPITest@59e5ddf]" name="postJira" duration-ms="1" started-at="2020-04-11T10:38:47 IST" finished-at="2020-04-11T10:38:47 IST">
          <reporter-output>
          </reporter-output>
        </test-method> <!-- postJira -->
      </class> <!-- qaclickacademy.RestAPITest -->
      <class name="qaclickacademy.SeleniumTest">
        <test-method status="PASS" signature="browserAutomationSelenium()[pri:0, instance:qaclickacademy.SeleniumTest@646d64ab]" name="browserAutomationSelenium" duration-ms="2" started-at="2020-04-11T10:38:47 IST" finished-at="2020-04-11T10:38:47 IST">
          <reporter-output>
          </reporter-output>
        </test-method> <!-- browserAutomationSelenium -->
      </class> <!-- qaclickacademy.SeleniumTest -->
    </test> <!-- Test -->
  </suite> <!-- Suite -->
</testng-results>
